<?xml version="1.0" encoding="UTF-8"?>
<!-- Generated by org.testng.reporters.JUnitReportReporter -->
<testsuite hostname="Manish" failures="0" tests="4" name="RunnerFile.TestNGRunnerFile" time="7.647" errors="0" timestamp="2024-12-10T16:38:37 IST" skipped="0">
  <testcase classname="RunnerFile.TestNGRunnerFile" name="runScenario" time="4.353"/>
  <system-out/>
  <testcase classname="RunnerFile.TestNGRunnerFile" name="runScenario" time="1.085"/>
  <system-out/>
  <testcase classname="RunnerFile.TestNGRunnerFile" name="runScenario" time="1.083"/>
  <system-out/>
  <testcase classname="RunnerFile.TestNGRunnerFile" name="runScenario" time="1.126"/>
  <system-out/>
</testsuite> <!-- RunnerFile.TestNGRunnerFile -->
